Using pre-set license
Built from '2020.3/release' branch; Version is '2020.3.1f1 (77a89f25062f) revision 7841951'; Using compiler version '192528614'; Build Type 'Release'
OS: 'Windows 10 Pro; OS build 19041.1110; Version 2004; 64bit' Language: 'en' Physical Memory: 8074 MB
BatchMode: 1, IsHumanControllingUs: 0, StartBugReporterOnCrash: 0, Is64bit: 1, IsPro: 0

 COMMAND LINE ARGUMENTS:
C:\Program Files\Unity\Hub\Editor\2020.3.1f1\Editor\Unity.exe
-adb2
-batchMode
-noUpm
-name
AssetImportWorker0
-projectPath
E:/My Projects/Cube and Obstacles!
-logFile
Logs/AssetImportWorker0.log
-srvPort
64448
Successfully changed project path to: E:/My Projects/Cube and Obstacles!
E:/My Projects/Cube and Obstacles!
Using Asset Import Pipeline V2.
Refreshing native plugins compatible for Editor in 27.07 ms, found 0 plugins.
Preloading 0 native plugins for Editor in 0.00 ms.
Initialize engine version: 2020.3.1f1 (77a89f25062f)
[Subsystems] Discovering subsystems at path C:/Program Files/Unity/Hub/Editor/2020.3.1f1/Editor/Data/Resources/UnitySubsystems
[Subsystems] Discovering subsystems at path E:/My Projects/Cube and Obstacles!/Assets
GfxDevice: creating device client; threaded=0
Direct3D:
    Version:  Direct3D 11.0 [level 11.0]
    Renderer: NVIDIA GeForce 930MX (ID=0x134e)
    Vendor:   
    VRAM:     2010 MB
    Driver:   27.21.14.5167
Initialize mono
Mono path[0] = 'C:/Program Files/Unity/Hub/Editor/2020.3.1f1/Editor/Data/Managed'
Mono path[1] = 'C:/Program Files/Unity/Hub/Editor/2020.3.1f1/Editor/Data/MonoBleedingEdge/lib/mono/unityjit'
Mono config path = 'C:/Program Files/Unity/Hub/Editor/2020.3.1f1/Editor/Data/MonoBleedingEdge/etc'
Using monoOptions --debugger-agent=transport=dt_socket,embedding=1,server=y,suspend=n,address=127.0.0.1:56204
Begin MonoManager ReloadAssembly
Registering precompiled unity dll's ...
Register platform support module: C:/Program Files/Unity/Hub/Editor/2020.3.1f1/Editor/Data/PlaybackEngines/WindowsStandaloneSupport/UnityEditor.WindowsStandalone.Extensions.dll
Registered in 0.002540 seconds.
Native extension for WindowsStandalone target not found
Refreshing native plugins compatible for Editor in 27.47 ms, found 0 plugins.
Preloading 0 native plugins for Editor in 0.00 ms.
Invoked RoslynAnalysisRunner static constructor.
RoslynAnalysisRunner will not be running.
RoslynAnalysisRunner has terminated.
Mono: successfully reloaded assembly
- Completed reload, in  1.217 seconds
Platform modules already initialized, skipping
Registering precompiled user dll's ...
Registered in 0.000627 seconds.
Begin MonoManager ReloadAssembly
Native extension for WindowsStandalone target not found
Refreshing native plugins compatible for Editor in 0.24 ms, found 0 plugins.
Preloading 0 native plugins for Editor in 0.00 ms.
Invoked RoslynAnalysisRunner static constructor.
RoslynAnalysisRunner will not be running.
RoslynAnalysisRunner has terminated.
Mono: successfully reloaded assembly
- Completed reload, in  0.934 seconds
Platform modules already initialized, skipping
========================================================================
Worker process is ready to serve import requests
Launched and connected shader compiler UnityShaderCompiler.exe after 0.05 seconds
Refreshing native plugins compatible for Editor in 0.24 ms, found 0 plugins.
Preloading 0 native plugins for Editor in 0.00 ms.
Unloading 1296 Unused Serialized files (Serialized files now loaded: 0)
System memory in use before: 63.5 MB.
System memory in use after: 63.6 MB.

Unloading 11 unused Assets to reduce memory usage. Loaded Objects now: 1740.
Total: 2.218800 ms (FindLiveObjects: 0.262200 ms CreateObjectMapping: 0.054300 ms MarkObjects: 1.816800 ms  DeleteObjects: 0.083900 ms)

========================================================================
Received Import Request.
  path: Assets/Scripts/Spinner.cs
  artifactKey: Guid(88745857afe4ff448b739591f565bcb7) Importer(815301076,1909f56bfc062723c751e8b465ee728b)
Start importing Assets/Scripts/Spinner.cs using Guid(88745857afe4ff448b739591f565bcb7) Importer(815301076,1909f56bfc062723c751e8b465ee728b)  -> (artifact id: 'ef1e82334798f874482680caf28fee3f') in 0.029201 seconds
  Import took 0.195432 seconds .

========================================================================
Received Import Request.
  Time since last request: 3799.331121 seconds.
  path: Assets/Materials/Spinner Material.mat
  artifactKey: Guid(bd2d0d4899e13424bbc732c121cecf86) Importer(815301076,1909f56bfc062723c751e8b465ee728b)
Start importing Assets/Materials/Spinner Material.mat using Guid(bd2d0d4899e13424bbc732c121cecf86) Importer(815301076,1909f56bfc062723c751e8b465ee728b)  -> (artifact id: '918e8830a11b0305f6696f6875c8ef86') in 0.557965 seconds
  Import took 0.643141 seconds .

========================================================================
Received Import Request.
  Time since last request: 23.935306 seconds.
  path: Assets/Materials/Start-Finish.mat
  artifactKey: Guid(395c86f6e65ef384e9a0c9c5eb78c104) Importer(815301076,1909f56bfc062723c751e8b465ee728b)
Start importing Assets/Materials/Start-Finish.mat using Guid(395c86f6e65ef384e9a0c9c5eb78c104) Importer(815301076,1909f56bfc062723c751e8b465ee728b)  -> (artifact id: 'e91a5c8dc62141848b8605db2b15197c') in 0.016720 seconds
  Import took 0.034111 seconds .

========================================================================
Received Import Request.
  Time since last request: 325.809217 seconds.
  path: Assets/Materials/Ground.mat
  artifactKey: Guid(e17cae3dc6dc1ff4ebec204ac1a75c13) Importer(815301076,1909f56bfc062723c751e8b465ee728b)
Start importing Assets/Materials/Ground.mat using Guid(e17cae3dc6dc1ff4ebec204ac1a75c13) Importer(815301076,1909f56bfc062723c751e8b465ee728b)  -> (artifact id: 'b97da0047de72fb4d786650a23760c2b') in 0.018290 seconds
  Import took 0.029160 seconds .

========================================================================
Received Import Request.
  Time since last request: 0.000366 seconds.
  path: Assets/Materials/Obstacle.mat
  artifactKey: Guid(41c998565c2a7d944be949499043d630) Importer(815301076,1909f56bfc062723c751e8b465ee728b)
Start importing Assets/Materials/Obstacle.mat using Guid(41c998565c2a7d944be949499043d630) Importer(815301076,1909f56bfc062723c751e8b465ee728b)  -> (artifact id: '9c7d26044bd1a5418c6ea90f9eacc4a8') in 0.012499 seconds
  Import took 0.028071 seconds .

========================================================================
Received Import Request.
  Time since last request: 0.000445 seconds.
  path: Assets/Materials/Player.mat
  artifactKey: Guid(e066e6650bab6da4884f84a1e4df54a9) Importer(815301076,1909f56bfc062723c751e8b465ee728b)
Start importing Assets/Materials/Player.mat using Guid(e066e6650bab6da4884f84a1e4df54a9) Importer(815301076,1909f56bfc062723c751e8b465ee728b)  -> (artifact id: 'b71b9c2db190d80bee570caa5ff93327') in 0.042191 seconds
  Import took 0.044879 seconds .

========================================================================
Received Import Request.
  Time since last request: 0.000329 seconds.
  path: Assets/Materials/Spinner Material.mat
  artifactKey: Guid(bd2d0d4899e13424bbc732c121cecf86) Importer(815301076,1909f56bfc062723c751e8b465ee728b)
Start importing Assets/Materials/Spinner Material.mat using Guid(bd2d0d4899e13424bbc732c121cecf86) Importer(815301076,1909f56bfc062723c751e8b465ee728b)  -> (artifact id: 'f382ebdc038fba3618fa94de31bcd460') in 0.026950 seconds
  Import took 0.030887 seconds .

========================================================================
Received Import Request.
  Time since last request: 0.000388 seconds.
  path: Assets/Materials/Start-Finish.mat
  artifactKey: Guid(395c86f6e65ef384e9a0c9c5eb78c104) Importer(815301076,1909f56bfc062723c751e8b465ee728b)
Start importing Assets/Materials/Start-Finish.mat using Guid(395c86f6e65ef384e9a0c9c5eb78c104) Importer(815301076,1909f56bfc062723c751e8b465ee728b)  -> (artifact id: '6b7a64114ecdee1ce815b126922c3ca8') in 0.033743 seconds
  Import took 0.075442 seconds .

========================================================================
Received Import Request.
  Time since last request: 218.015127 seconds.
  path: Assets/Materials/Roller.mat
  artifactKey: Guid(bcfe1e8f4a1a90c41a851bbdd803e5d6) Importer(815301076,1909f56bfc062723c751e8b465ee728b)
Start importing Assets/Materials/Roller.mat using Guid(bcfe1e8f4a1a90c41a851bbdd803e5d6) Importer(815301076,1909f56bfc062723c751e8b465ee728b)  -> (artifact id: '36f32d30c5d93a367e95e327e6c00836') in 0.024511 seconds
  Import took 0.034788 seconds .

========================================================================
Received Import Request.
  Time since last request: 23.451230 seconds.
  path: Assets/Materials/Roller.mat
  artifactKey: Guid(bcfe1e8f4a1a90c41a851bbdd803e5d6) Importer(815301076,1909f56bfc062723c751e8b465ee728b)
Start importing Assets/Materials/Roller.mat using Guid(bcfe1e8f4a1a90c41a851bbdd803e5d6) Importer(815301076,1909f56bfc062723c751e8b465ee728b)  -> (artifact id: 'bef85d01eb26060ebab62bb3bf407504') in 0.020453 seconds
  Import took 0.035215 seconds .

========================================================================
Received Import Request.
  Time since last request: 585.140996 seconds.
  path: Assets/Materials/Obstacle.mat
  artifactKey: Guid(42025ff108bc1a6489394be7ae349339) Importer(815301076,1909f56bfc062723c751e8b465ee728b)
Start importing Assets/Materials/Obstacle.mat using Guid(42025ff108bc1a6489394be7ae349339) Importer(815301076,1909f56bfc062723c751e8b465ee728b)  -> (artifact id: '274a37d90c4c25be2dabb7bda6e545e8') in 0.024586 seconds
  Import took 0.085854 seconds .

========================================================================
Received Import Request.
  Time since last request: 62.561168 seconds.
  path: Assets/Materials/Obstacle.mat
  artifactKey: Guid(42025ff108bc1a6489394be7ae349339) Importer(815301076,1909f56bfc062723c751e8b465ee728b)
Start importing Assets/Materials/Obstacle.mat using Guid(42025ff108bc1a6489394be7ae349339) Importer(815301076,1909f56bfc062723c751e8b465ee728b)  -> (artifact id: '3006dbf6301b6bba3446390276598f00') in 0.014502 seconds
  Import took 0.049504 seconds .

========================================================================
Received Import Request.
  Time since last request: 0.000318 seconds.
  path: Assets/Materials/Wall.mat
  artifactKey: Guid(41c998565c2a7d944be949499043d630) Importer(815301076,1909f56bfc062723c751e8b465ee728b)
Start importing Assets/Materials/Wall.mat using Guid(41c998565c2a7d944be949499043d630) Importer(815301076,1909f56bfc062723c751e8b465ee728b)  -> (artifact id: '16d19910b30e7a5ec96f0537ae200ae5') in 0.009914 seconds
  Import took 0.032339 seconds .

========================================================================
Received Import Request.
  Time since last request: 0.004161 seconds.
  path: Assets/Materials/Wall.mat
  artifactKey: Guid(41c998565c2a7d944be949499043d630) Importer(815301076,1909f56bfc062723c751e8b465ee728b)
Start importing Assets/Materials/Wall.mat using Guid(41c998565c2a7d944be949499043d630) Importer(815301076,1909f56bfc062723c751e8b465ee728b)  -> (artifact id: '16d19910b30e7a5ec96f0537ae200ae5') in 0.028796 seconds
  Import took 0.032272 seconds .

========================================================================
Received Prepare
Registering precompiled user dll's ...
Registered in 0.001142 seconds.
Begin MonoManager ReloadAssembly
Native extension for WindowsStandalone target not found
Refreshing native plugins compatible for Editor in 0.24 ms, found 0 plugins.
Preloading 0 native plugins for Editor in 0.00 ms.
Invoked RoslynAnalysisRunner static constructor.
RoslynAnalysisRunner will not be running.
RoslynAnalysisRunner has terminated.
Mono: successfully reloaded assembly
- Completed reload, in  0.947 seconds
Platform modules already initialized, skipping
Refreshing native plugins compatible for Editor in 0.24 ms, found 0 plugins.
Preloading 0 native plugins for Editor in 0.00 ms.
Unloading 1289 Unused Serialized files (Serialized files now loaded: 0)
System memory in use before: 66.7 MB.
System memory in use after: 66.8 MB.

Unloading 6 unused Assets to reduce memory usage. Loaded Objects now: 1784.
Total: 2.116500 ms (FindLiveObjects: 0.183300 ms CreateObjectMapping: 0.055400 ms MarkObjects: 1.814000 ms  DeleteObjects: 0.061900 ms)

========================================================================
Received Import Request.
  Time since last request: 102.371521 seconds.
  path: Assets/Prefabs
  artifactKey: Guid(89114fa6511f7c94186b33c1683c8414) Importer(815301076,1909f56bfc062723c751e8b465ee728b)
Start importing Assets/Prefabs using Guid(89114fa6511f7c94186b33c1683c8414) Importer(815301076,1909f56bfc062723c751e8b465ee728b)  -> (artifact id: '9b444b4649fa1af6a936c64bfec7382b') in 0.004122 seconds
  Import took 0.220139 seconds .

========================================================================
Received Import Request.
  Time since last request: 4.566607 seconds.
  path: Assets/Prefabs/Player (Dodgy).prefab
  artifactKey: Guid(f46d6084b0685b84b85c85dd2f40459a) Importer(815301076,1909f56bfc062723c751e8b465ee728b)
Start importing Assets/Prefabs/Player (Dodgy).prefab using Guid(f46d6084b0685b84b85c85dd2f40459a) Importer(815301076,1909f56bfc062723c751e8b465ee728b)  -> (artifact id: '0225b977ebefb238a6a0ce12f55be754') in 0.152573 seconds
  Import took 0.155570 seconds .

========================================================================
Received Import Request.
  Time since last request: 3.743644 seconds.
  path: Assets/Prefabs/Obstacle.prefab
  artifactKey: Guid(7255d2a8351e3cf49839b98281b843f9) Importer(815301076,1909f56bfc062723c751e8b465ee728b)
Start importing Assets/Prefabs/Obstacle.prefab using Guid(7255d2a8351e3cf49839b98281b843f9) Importer(815301076,1909f56bfc062723c751e8b465ee728b)  -> (artifact id: '909f00d1d0d58f5437636fa28c6d6c09') in 0.107854 seconds
  Import took 0.110379 seconds .

========================================================================
Received Import Request.
  Time since last request: 2.659622 seconds.
  path: Assets/Prefabs/Dropper.prefab
  artifactKey: Guid(e6e2507d5e06d4741983f4a1dcce9e92) Importer(815301076,1909f56bfc062723c751e8b465ee728b)
Start importing Assets/Prefabs/Dropper.prefab using Guid(e6e2507d5e06d4741983f4a1dcce9e92) Importer(815301076,1909f56bfc062723c751e8b465ee728b)  -> (artifact id: '6a19facc29e44016b4965204ffa3016c') in 0.009303 seconds
  Import took 0.093114 seconds .

========================================================================
Received Import Request.
  Time since last request: 3.068275 seconds.
  path: Assets/Prefabs/Spinner.prefab
  artifactKey: Guid(15c729d9f6a6f1345b64d986282cbfd0) Importer(815301076,1909f56bfc062723c751e8b465ee728b)
Start importing Assets/Prefabs/Spinner.prefab using Guid(15c729d9f6a6f1345b64d986282cbfd0) Importer(815301076,1909f56bfc062723c751e8b465ee728b)  -> (artifact id: 'ca39846ed4935a684a005c91ab2df076') in 0.009067 seconds
  Import took 0.119808 seconds .

========================================================================
Received Import Request.
  Time since last request: 3.683430 seconds.
  path: Assets/Prefabs/Roller.prefab
  artifactKey: Guid(2cc0f8e130d36b343a3018373c3200a0) Importer(815301076,1909f56bfc062723c751e8b465ee728b)
Start importing Assets/Prefabs/Roller.prefab using Guid(2cc0f8e130d36b343a3018373c3200a0) Importer(815301076,1909f56bfc062723c751e8b465ee728b)  -> (artifact id: '4b9825f0410181ffafff971bfd5df0b5') in 0.036741 seconds
  Import took 0.039325 seconds .

========================================================================
Received Import Request.
  Time since last request: 240.352311 seconds.
  path: Assets/Materials/Dropper.mat
  artifactKey: Guid(075b149bcb8b51248b81c7373f7234ca) Importer(815301076,1909f56bfc062723c751e8b465ee728b)
Start importing Assets/Materials/Dropper.mat using Guid(075b149bcb8b51248b81c7373f7234ca) Importer(815301076,1909f56bfc062723c751e8b465ee728b)  -> (artifact id: '890e6249fb92d56f3ae6aea716f7c7e8') in 0.030690 seconds
  Import took 0.145707 seconds .

========================================================================
Received Import Request.
  Time since last request: 67.707417 seconds.
  path: Assets/Prefabs/Dropper.prefab
  artifactKey: Guid(e6e2507d5e06d4741983f4a1dcce9e92) Importer(815301076,1909f56bfc062723c751e8b465ee728b)
Start importing Assets/Prefabs/Dropper.prefab using Guid(e6e2507d5e06d4741983f4a1dcce9e92) Importer(815301076,1909f56bfc062723c751e8b465ee728b)  -> (artifact id: '1974f66d3514d662bab85611d2fc8c0a') in 0.008257 seconds
  Import took 0.116874 seconds .

========================================================================
Received Import Request.
  Time since last request: 8.635588 seconds.
  path: Assets/Prefabs/Spinner.prefab
  artifactKey: Guid(15c729d9f6a6f1345b64d986282cbfd0) Importer(815301076,1909f56bfc062723c751e8b465ee728b)
Start importing Assets/Prefabs/Spinner.prefab using Guid(15c729d9f6a6f1345b64d986282cbfd0) Importer(815301076,1909f56bfc062723c751e8b465ee728b)  -> (artifact id: 'f40be6c5c60765b366f066b2fe47c4bc') in 0.014467 seconds
  Import took 0.017431 seconds .

========================================================================
Received Import Request.
  Time since last request: 2.382242 seconds.
  path: Assets/Prefabs/Spinner.prefab
  artifactKey: Guid(15c729d9f6a6f1345b64d986282cbfd0) Importer(815301076,1909f56bfc062723c751e8b465ee728b)
Start importing Assets/Prefabs/Spinner.prefab using Guid(15c729d9f6a6f1345b64d986282cbfd0) Importer(815301076,1909f56bfc062723c751e8b465ee728b)  -> (artifact id: '819c3f746104e6379290cd1428af590f') in 0.014845 seconds
  Import took 0.080955 seconds .

========================================================================
Received Import Request.
  Time since last request: 3.462019 seconds.
  path: Assets/Prefabs/Spinner.prefab
  artifactKey: Guid(15c729d9f6a6f1345b64d986282cbfd0) Importer(815301076,1909f56bfc062723c751e8b465ee728b)
Start importing Assets/Prefabs/Spinner.prefab using Guid(15c729d9f6a6f1345b64d986282cbfd0) Importer(815301076,1909f56bfc062723c751e8b465ee728b)  -> (artifact id: 'b224f31a3759f43f1aebcbe613c8d652') in 0.009535 seconds
  Import took 0.078638 seconds .

========================================================================
Received Import Request.
  Time since last request: 37.345435 seconds.
  path: Assets/Materials/Dropper.mat
  artifactKey: Guid(075b149bcb8b51248b81c7373f7234ca) Importer(815301076,1909f56bfc062723c751e8b465ee728b)
Start importing Assets/Materials/Dropper.mat using Guid(075b149bcb8b51248b81c7373f7234ca) Importer(815301076,1909f56bfc062723c751e8b465ee728b)  -> (artifact id: '93bef834888ae62d4e2372eb4914103c') in 0.010274 seconds
  Import took 0.074708 seconds .

========================================================================
Received Import Request.
  Time since last request: 0.000354 seconds.
  path: Assets/Materials/Spinner Material.mat
  artifactKey: Guid(bd2d0d4899e13424bbc732c121cecf86) Importer(815301076,1909f56bfc062723c751e8b465ee728b)
Start importing Assets/Materials/Spinner Material.mat using Guid(bd2d0d4899e13424bbc732c121cecf86) Importer(815301076,1909f56bfc062723c751e8b465ee728b)  -> (artifact id: '364b9d3be3459ed1c023030bf33c211f') in 0.008168 seconds
  Import took 0.016395 seconds .

========================================================================
Received Prepare
Registering precompiled user dll's ...
Registered in 0.000670 seconds.
Begin MonoManager ReloadAssembly
Native extension for WindowsStandalone target not found
Refreshing native plugins compatible for Editor in 0.24 ms, found 0 plugins.
Preloading 0 native plugins for Editor in 0.00 ms.
Invoked RoslynAnalysisRunner static constructor.
RoslynAnalysisRunner will not be running.
RoslynAnalysisRunner has terminated.
Mono: successfully reloaded assembly
- Completed reload, in  0.873 seconds
Platform modules already initialized, skipping
Refreshing native plugins compatible for Editor in 0.37 ms, found 0 plugins.
Preloading 0 native plugins for Editor in 0.00 ms.
Unloading 1288 Unused Serialized files (Serialized files now loaded: 0)
System memory in use before: 66.8 MB.
System memory in use after: 66.9 MB.

Unloading 6 unused Assets to reduce memory usage. Loaded Objects now: 1790.
Total: 1.823600 ms (FindLiveObjects: 0.180800 ms CreateObjectMapping: 0.050500 ms MarkObjects: 1.542700 ms  DeleteObjects: 0.048400 ms)

========================================================================
Received Import Request.
  Time since last request: 75.561351 seconds.
  path: Assets/Prefabs/Dropper2.prefab
  artifactKey: Guid(bd91006b14055ee43b3504116dfaa725) Importer(815301076,1909f56bfc062723c751e8b465ee728b)
Start importing Assets/Prefabs/Dropper2.prefab using Guid(bd91006b14055ee43b3504116dfaa725) Importer(815301076,1909f56bfc062723c751e8b465ee728b)  -> (artifact id: '1aa97f124ca4f10ea758a6b55cd63aab') in 0.054348 seconds
  Import took 0.104233 seconds .

========================================================================
Received Prepare
Registering precompiled user dll's ...
Registered in 0.000945 seconds.
Begin MonoManager ReloadAssembly
Native extension for WindowsStandalone target not found
Refreshing native plugins compatible for Editor in 0.30 ms, found 0 plugins.
Preloading 0 native plugins for Editor in 0.00 ms.
Invoked RoslynAnalysisRunner static constructor.
RoslynAnalysisRunner will not be running.
RoslynAnalysisRunner has terminated.
Mono: successfully reloaded assembly
- Completed reload, in  0.880 seconds
Platform modules already initialized, skipping
Refreshing native plugins compatible for Editor in 0.24 ms, found 0 plugins.
Preloading 0 native plugins for Editor in 0.00 ms.
Unloading 1288 Unused Serialized files (Serialized files now loaded: 0)
System memory in use before: 66.9 MB.
System memory in use after: 66.9 MB.

Unloading 6 unused Assets to reduce memory usage. Loaded Objects now: 1795.
Total: 2.016400 ms (FindLiveObjects: 0.202000 ms CreateObjectMapping: 0.065300 ms MarkObjects: 1.688100 ms  DeleteObjects: 0.059400 ms)

========================================================================
Received Prepare
Registering precompiled user dll's ...
Registered in 0.000613 seconds.
Begin MonoManager ReloadAssembly
Native extension for WindowsStandalone target not found
Refreshing native plugins compatible for Editor in 0.24 ms, found 0 plugins.
Preloading 0 native plugins for Editor in 0.00 ms.
Invoked RoslynAnalysisRunner static constructor.
RoslynAnalysisRunner will not be running.
RoslynAnalysisRunner has terminated.
Mono: successfully reloaded assembly
- Completed reload, in  0.897 seconds
Platform modules already initialized, skipping
Refreshing native plugins compatible for Editor in 0.24 ms, found 0 plugins.
Preloading 0 native plugins for Editor in 0.00 ms.
Unloading 1288 Unused Serialized files (Serialized files now loaded: 0)
System memory in use before: 66.9 MB.
System memory in use after: 67.0 MB.

Unloading 6 unused Assets to reduce memory usage. Loaded Objects now: 1798.
Total: 2.056500 ms (FindLiveObjects: 0.168800 ms CreateObjectMapping: 0.049700 ms MarkObjects: 1.776700 ms  DeleteObjects: 0.059800 ms)

========================================================================
Received Prepare
Registering precompiled user dll's ...
Registered in 0.000649 seconds.
Begin MonoManager ReloadAssembly
Native extension for WindowsStandalone target not found
Refreshing native plugins compatible for Editor in 0.24 ms, found 0 plugins.
Preloading 0 native plugins for Editor in 0.00 ms.
Invoked RoslynAnalysisRunner static constructor.
RoslynAnalysisRunner will not be running.
RoslynAnalysisRunner has terminated.
Mono: successfully reloaded assembly
- Completed reload, in  0.907 seconds
Platform modules already initialized, skipping
Refreshing native plugins compatible for Editor in 0.24 ms, found 0 plugins.
Preloading 0 native plugins for Editor in 0.00 ms.
Unloading 1288 Unused Serialized files (Serialized files now loaded: 0)
System memory in use before: 66.9 MB.
System memory in use after: 67.0 MB.

Unloading 6 unused Assets to reduce memory usage. Loaded Objects now: 1801.
Total: 2.103800 ms (FindLiveObjects: 0.162000 ms CreateObjectMapping: 0.044100 ms MarkObjects: 1.840800 ms  DeleteObjects: 0.055300 ms)

========================================================================
Received Prepare
Registering precompiled user dll's ...
Registered in 0.000636 seconds.
Begin MonoManager ReloadAssembly
Native extension for WindowsStandalone target not found
Refreshing native plugins compatible for Editor in 0.28 ms, found 0 plugins.
Preloading 0 native plugins for Editor in 0.00 ms.
Invoked RoslynAnalysisRunner static constructor.
RoslynAnalysisRunner will not be running.
RoslynAnalysisRunner has terminated.
Mono: successfully reloaded assembly
- Completed reload, in  0.880 seconds
Platform modules already initialized, skipping
Refreshing native plugins compatible for Editor in 0.24 ms, found 0 plugins.
Preloading 0 native plugins for Editor in 0.00 ms.
Unloading 1288 Unused Serialized files (Serialized files now loaded: 0)
System memory in use before: 66.9 MB.
System memory in use after: 67.0 MB.

Unloading 6 unused Assets to reduce memory usage. Loaded Objects now: 1804.
Total: 2.394300 ms (FindLiveObjects: 0.177500 ms CreateObjectMapping: 0.048800 ms MarkObjects: 2.104700 ms  DeleteObjects: 0.061700 ms)

========================================================================
Received Prepare
Registering precompiled user dll's ...
Registered in 0.000630 seconds.
Begin MonoManager ReloadAssembly
Native extension for WindowsStandalone target not found
Refreshing native plugins compatible for Editor in 0.27 ms, found 0 plugins.
Preloading 0 native plugins for Editor in 0.00 ms.
Invoked RoslynAnalysisRunner static constructor.
RoslynAnalysisRunner will not be running.
RoslynAnalysisRunner has terminated.
Mono: successfully reloaded assembly
- Completed reload, in  0.918 seconds
Platform modules already initialized, skipping
Refreshing native plugins compatible for Editor in 0.52 ms, found 0 plugins.
Preloading 0 native plugins for Editor in 0.00 ms.
Unloading 1288 Unused Serialized files (Serialized files now loaded: 0)
System memory in use before: 66.9 MB.
System memory in use after: 67.0 MB.

Unloading 6 unused Assets to reduce memory usage. Loaded Objects now: 1807.
Total: 2.317700 ms (FindLiveObjects: 0.295200 ms CreateObjectMapping: 0.062700 ms MarkObjects: 1.901300 ms  DeleteObjects: 0.056800 ms)

========================================================================
Received Prepare
Registering precompiled user dll's ...
Registered in 0.000784 seconds.
Begin MonoManager ReloadAssembly
Native extension for WindowsStandalone target not found
Refreshing native plugins compatible for Editor in 0.24 ms, found 0 plugins.
Preloading 0 native plugins for Editor in 0.00 ms.
Invoked RoslynAnalysisRunner static constructor.
RoslynAnalysisRunner will not be running.
RoslynAnalysisRunner has terminated.
Mono: successfully reloaded assembly
- Completed reload, in  0.897 seconds
Platform modules already initialized, skipping
Refreshing native plugins compatible for Editor in 0.26 ms, found 0 plugins.
Preloading 0 native plugins for Editor in 0.00 ms.
Unloading 1288 Unused Serialized files (Serialized files now loaded: 0)
System memory in use before: 66.9 MB.
System memory in use after: 67.0 MB.

Unloading 6 unused Assets to reduce memory usage. Loaded Objects now: 1810.
Total: 2.838100 ms (FindLiveObjects: 0.468300 ms CreateObjectMapping: 0.130500 ms MarkObjects: 2.160000 ms  DeleteObjects: 0.077200 ms)

========================================================================
Received Prepare
Registering precompiled user dll's ...
Registered in 0.002353 seconds.
Begin MonoManager ReloadAssembly
Native extension for WindowsStandalone target not found
Refreshing native plugins compatible for Editor in 0.58 ms, found 0 plugins.
Preloading 0 native plugins for Editor in 0.00 ms.
Invoked RoslynAnalysisRunner static constructor.
RoslynAnalysisRunner will not be running.
RoslynAnalysisRunner has terminated.
Mono: successfully reloaded assembly
- Completed reload, in  2.083 seconds
Platform modules already initialized, skipping
Refreshing native plugins compatible for Editor in 0.93 ms, found 0 plugins.
Preloading 0 native plugins for Editor in 0.00 ms.
Unloading 1288 Unused Serialized files (Serialized files now loaded: 0)
System memory in use before: 66.9 MB.
System memory in use after: 67.0 MB.

Unloading 6 unused Assets to reduce memory usage. Loaded Objects now: 1813.
Total: 9.007400 ms (FindLiveObjects: 0.492600 ms CreateObjectMapping: 0.074400 ms MarkObjects: 8.261000 ms  DeleteObjects: 0.176500 ms)

========================================================================
Received Prepare
Registering precompiled user dll's ...
Registered in 0.001085 seconds.
Begin MonoManager ReloadAssembly
Native extension for WindowsStandalone target not found
Refreshing native plugins compatible for Editor in 0.29 ms, found 0 plugins.
Preloading 0 native plugins for Editor in 0.00 ms.
Invoked RoslynAnalysisRunner static constructor.
RoslynAnalysisRunner will not be running.
RoslynAnalysisRunner has terminated.
Mono: successfully reloaded assembly
- Completed reload, in  1.305 seconds
Platform modules already initialized, skipping
Refreshing native plugins compatible for Editor in 0.95 ms, found 0 plugins.
Preloading 0 native plugins for Editor in 0.00 ms.
Unloading 1288 Unused Serialized files (Serialized files now loaded: 0)
System memory in use before: 66.9 MB.
System memory in use after: 67.0 MB.

Unloading 6 unused Assets to reduce memory usage. Loaded Objects now: 1816.
Total: 2.229100 ms (FindLiveObjects: 0.242100 ms CreateObjectMapping: 0.083400 ms MarkObjects: 1.839200 ms  DeleteObjects: 0.063000 ms)

AssetImportWorkerClient::OnTransportError - code=2 error=End of file
